# JRE version: OpenJDK Runtime Environment (11.0.13) (build 11.0.13+0-b1751.21-8125866)
# Java VM: OpenJDK 64-Bit Server VM (11.0.13+0-b1751.21-8125866, mixed mode, tiered, compressed oops, g1 gc, windows-amd64)
Heap:
 garbage-first heap   total 575488K, used 161432K [0x0000000080000000, 0x0000000100000000)
  region size 1024K, 1 young (1024K), 1 survivors (1024K)
 Metaspace       used 97131K, capacity 99561K, committed 99692K, reserved 1136640K
  class space    used 12138K, capacity 12984K, committed 13056K, reserved 1048576K
GC Heap History (20 events):
Event: 38.485 GC heap after
{Heap after GC invocations=53 (full 0):
 garbage-first heap   total 206848K, used 153707K [0x0000000080000000, 0x0000000100000000)
  region size 1024K, 3 young (3072K), 3 survivors (3072K)
 Metaspace       used 95542K, capacity 97896K, committed 98028K, reserved 1134592K
  class space    used 12009K, capacity 12845K, committed 12928K, reserved 1048576K
}
Event: 38.680 GC heap before
{Heap before GC invocations=54 (full 0):
 garbage-first heap   total 206848K, used 172139K [0x0000000080000000, 0x0000000100000000)
  region size 1024K, 21 young (21504K), 3 survivors (3072K)
 Metaspace       used 95591K, capacity 97968K, committed 98284K, reserved 1134592K
  class space    used 12009K, capacity 12845K, committed 12928K, reserved 1048576K
}
Event: 38.693 GC heap after
{Heap after GC invocations=55 (full 0):
 garbage-first heap   total 206848K, used 164042K [0x0000000080000000, 0x0000000100000000)
  region size 1024K, 3 young (3072K), 3 survivors (3072K)
 Metaspace       used 95591K, capacity 97968K, committed 98284K, reserved 1134592K
  class space    used 12009K, capacity 12845K, committed 12928K, reserved 1048576K
}
Event: 38.730 GC heap before
{Heap before GC invocations=55 (full 0):
 garbage-first heap   total 206848K, used 171210K [0x0000000080000000, 0x0000000100000000)
  region size 1024K, 10 young (10240K), 3 survivors (3072K)
 Metaspace       used 95591K, capacity 97968K, committed 98284K, reserved 1134592K
  class space    used 12009K, capacity 12845K, committed 12928K, reserved 1048576K
}
Event: 38.742 GC heap after
{Heap after GC invocations=56 (full 0):
 garbage-first heap   total 248832K, used 169732K [0x0000000080000000, 0x0000000100000000)
  region size 1024K, 2 young (2048K), 2 survivors (2048K)
 Metaspace       used 95591K, capacity 97968K, committed 98284K, reserved 1134592K
  class space    used 12009K, capacity 12845K, committed 12928K, reserved 1048576K
}
Event: 38.894 GC heap before
{Heap before GC invocations=56 (full 0):
 garbage-first heap   total 248832K, used 196356K [0x0000000080000000, 0x0000000100000000)
  region size 1024K, 28 young (28672K), 2 survivors (2048K)
 Metaspace       used 95608K, capacity 97970K, committed 98284K, reserved 1134592K
  class space    used 12009K, capacity 12845K, committed 12928K, reserved 1048576K
}
Event: 38.916 GC heap after
{Heap after GC invocations=57 (full 0):
 garbage-first heap   total 248832K, used 184141K [0x0000000080000000, 0x0000000100000000)
  region size 1024K, 4 young (4096K), 4 survivors (4096K)
 Metaspace       used 95608K, capacity 97970K, committed 98284K, reserved 1134592K
  class space    used 12009K, capacity 12845K, committed 12928K, reserved 1048576K
}
Event: 39.043 GC heap before
{Heap before GC invocations=57 (full 0):
 garbage-first heap   total 248832K, used 201549K [0x0000000080000000, 0x0000000100000000)
  region size 1024K, 21 young (21504K), 4 survivors (4096K)
 Metaspace       used 95608K, capacity 97970K, committed 98284K, reserved 1134592K
  class space    used 12009K, capacity 12845K, committed 12928K, reserved 1048576K
}
Event: 39.052 GC heap after
{Heap after GC invocations=58 (full 0):
 garbage-first heap   total 248832K, used 186519K [0x0000000080000000, 0x0000000100000000)
  region size 1024K, 2 young (2048K), 2 survivors (2048K)
 Metaspace       used 95608K, capacity 97970K, committed 98284K, reserved 1134592K
  class space    used 12009K, capacity 12845K, committed 12928K, reserved 1048576K
}
Event: 39.163 GC heap before
{Heap before GC invocations=58 (full 0):
 garbage-first heap   total 248832K, used 203927K [0x0000000080000000, 0x0000000100000000)
  region size 1024K, 19 young (19456K), 2 survivors (2048K)
 Metaspace       used 95610K, capacity 97970K, committed 98284K, reserved 1134592K
  class space    used 12009K, capacity 12845K, committed 12928K, reserved 1048576K
}
Event: 39.171 GC heap after
{Heap after GC invocations=59 (full 0):
 garbage-first heap   total 248832K, used 187567K [0x0000000080000000, 0x0000000100000000)
  region size 1024K, 3 young (3072K), 3 survivors (3072K)
 Metaspace       used 95610K, capacity 97970K, committed 98284K, reserved 1134592K
  class space    used 12009K, capacity 12845K, committed 12928K, reserved 1048576K
}
Event: 39.332 GC heap before
{Heap before GC invocations=60 (full 0):
 garbage-first heap   total 248832K, used 185519K [0x0000000080000000, 0x0000000100000000)
  region size 1024K, 21 young (21504K), 3 survivors (3072K)
 Metaspace       used 95621K, capacity 98036K, committed 98284K, reserved 1134592K
  class space    used 12009K, capacity 12845K, committed 12928K, reserved 1048576K
}
Event: 39.346 GC heap after
{Heap after GC invocations=61 (full 0):
 garbage-first heap   total 302080K, used 177845K [0x0000000080000000, 0x0000000100000000)
  region size 1024K, 3 young (3072K), 3 survivors (3072K)
 Metaspace       used 95621K, capacity 98036K, committed 98284K, reserved 1134592K
  class space    used 12009K, capacity 12845K, committed 12928K, reserved 1048576K
}
Event: 39.413 GC heap before
{Heap before GC invocations=61 (full 0):
 garbage-first heap   total 302080K, used 189109K [0x0000000080000000, 0x0000000100000000)
  region size 1024K, 14 young (14336K), 3 survivors (3072K)
 Metaspace       used 95630K, capacity 98045K, committed 98284K, reserved 1134592K
  class space    used 12009K, capacity 12845K, committed 12928K, reserved 1048576K
}
Event: 39.430 GC heap after
{Heap after GC invocations=62 (full 0):
 garbage-first heap   total 302080K, used 178878K [0x0000000080000000, 0x0000000100000000)
  region size 1024K, 2 young (2048K), 2 survivors (2048K)
 Metaspace       used 95630K, capacity 98045K, committed 98284K, reserved 1134592K
  class space    used 12009K, capacity 12845K, committed 12928K, reserved 1048576K
}
Event: 39.766 GC heap before
{Heap before GC invocations=62 (full 0):
 garbage-first heap   total 302080K, used 221886K [0x0000000080000000, 0x0000000100000000)
  region size 1024K, 44 young (45056K), 2 survivors (2048K)
 Metaspace       used 95688K, capacity 98110K, committed 98284K, reserved 1134592K
  class space    used 12014K, capacity 12845K, committed 12928K, reserved 1048576K
}
Event: 39.791 GC heap after
{Heap after GC invocations=63 (full 0):
 garbage-first heap   total 302080K, used 191708K [0x0000000080000000, 0x0000000100000000)
  region size 1024K, 6 young (6144K), 6 survivors (6144K)
 Metaspace       used 95688K, capacity 98110K, committed 98284K, reserved 1134592K
  class space    used 12014K, capacity 12845K, committed 12928K, reserved 1048576K
}
Event: 41.075 GC heap before
{Heap before GC invocations=64 (full 0):
 garbage-first heap   total 302080K, used 205824K [0x0000000080000000, 0x0000000100000000)
  region size 1024K, 44 young (45056K), 6 survivors (6144K)
 Metaspace       used 96941K, capacity 99364K, committed 99692K, reserved 1136640K
  class space    used 12137K, capacity 12983K, committed 13056K, reserved 1048576K
}
Event: 41.093 GC heap after
{Heap after GC invocations=65 (full 0):
 garbage-first heap   total 302080K, used 170497K [0x0000000080000000, 0x0000000100000000)
  region size 1024K, 4 young (4096K), 4 survivors (4096K)
 Metaspace       used 96941K, capacity 99364K, committed 99692K, reserved 1136640K
  class space    used 12137K, capacity 12983K, committed 13056K, reserved 1048576K
}
Event: 41.488 GC heap before
{Heap before GC invocations=65 (full 0):
 garbage-first heap   total 302080K, used 180737K [0x0000000080000000, 0x0000000100000000)
  region size 1024K, 14 young (14336K), 4 survivors (4096K)
 Metaspace       used 97131K, capacity 99561K, committed 99692K, reserved 1136640K
  class space    used 12138K, capacity 12984K, committed 13056K, reserved 1048576K
}

