# JRE version: OpenJDK Runtime Environment (11.0.13) (build 11.0.13+0-b1751.21-8125866)
# Java VM: OpenJDK 64-Bit Server VM (11.0.13+0-b1751.21-8125866, mixed mode, tiered, compressed oops, g1 gc, windows-amd64)
Heap:
 garbage-first heap   total 707584K, used 146434K [0x0000000080000000, 0x0000000100000000)
  region size 1024K, 6 young (6144K), 6 survivors (6144K)
 Metaspace       used 98962K, capacity 101501K, committed 101612K, reserved 1138688K
  class space    used 12238K, capacity 13143K, committed 13184K, reserved 1048576K
GC Heap History (20 events):
Event: 42.755 GC heap after
{Heap after GC invocations=53 (full 0):
 garbage-first heap   total 248832K, used 159540K [0x0000000080000000, 0x0000000100000000)
  region size 1024K, 3 young (3072K), 3 survivors (3072K)
 Metaspace       used 96113K, capacity 98433K, committed 98540K, reserved 1134592K
  class space    used 12051K, capacity 12907K, committed 12928K, reserved 1048576K
}
Event: 43.338 GC heap before
{Heap before GC invocations=53 (full 0):
 garbage-first heap   total 248832K, used 196404K [0x0000000080000000, 0x0000000100000000)
  region size 1024K, 39 young (39936K), 3 survivors (3072K)
 Metaspace       used 96124K, capacity 98434K, committed 98540K, reserved 1134592K
  class space    used 12051K, capacity 12907K, committed 12928K, reserved 1048576K
}
Event: 43.507 GC heap after
{Heap after GC invocations=54 (full 0):
 garbage-first heap   total 248832K, used 186594K [0x0000000080000000, 0x0000000100000000)
  region size 1024K, 5 young (5120K), 5 survivors (5120K)
 Metaspace       used 96124K, capacity 98434K, committed 98540K, reserved 1134592K
  class space    used 12051K, capacity 12907K, committed 12928K, reserved 1048576K
}
Event: 43.620 GC heap before
{Heap before GC invocations=54 (full 0):
 garbage-first heap   total 248832K, used 204002K [0x0000000080000000, 0x0000000100000000)
  region size 1024K, 22 young (22528K), 5 survivors (5120K)
 Metaspace       used 96136K, capacity 98436K, committed 98540K, reserved 1134592K
  class space    used 12051K, capacity 12907K, committed 12928K, reserved 1048576K
}
Event: 43.636 GC heap after
{Heap after GC invocations=55 (full 0):
 garbage-first heap   total 359424K, used 189523K [0x0000000080000000, 0x0000000100000000)
  region size 1024K, 2 young (2048K), 2 survivors (2048K)
 Metaspace       used 96136K, capacity 98436K, committed 98540K, reserved 1134592K
  class space    used 12051K, capacity 12907K, committed 12928K, reserved 1048576K
}
Event: 44.446 GC heap before
{Heap before GC invocations=56 (full 0):
 garbage-first heap   total 359424K, used 249939K [0x0000000080000000, 0x0000000100000000)
  region size 1024K, 61 young (62464K), 2 survivors (2048K)
 Metaspace       used 96175K, capacity 98509K, committed 98540K, reserved 1134592K
  class space    used 12051K, capacity 12907K, committed 12928K, reserved 1048576K
}
Event: 44.506 GC heap after
{Heap after GC invocations=57 (full 0):
 garbage-first heap   total 359424K, used 217088K [0x0000000080000000, 0x0000000100000000)
  region size 1024K, 8 young (8192K), 8 survivors (8192K)
 Metaspace       used 96175K, capacity 98509K, committed 98540K, reserved 1134592K
  class space    used 12051K, capacity 12907K, committed 12928K, reserved 1048576K
}
Event: 44.837 GC heap before
{Heap before GC invocations=57 (full 0):
 garbage-first heap   total 359424K, used 263168K [0x0000000080000000, 0x0000000100000000)
  region size 1024K, 53 young (54272K), 8 survivors (8192K)
 Metaspace       used 96225K, capacity 98574K, committed 98796K, reserved 1134592K
  class space    used 12057K, capacity 12907K, committed 12928K, reserved 1048576K
}
Event: 44.975 GC heap after
{Heap after GC invocations=58 (full 0):
 garbage-first heap   total 359424K, used 224148K [0x0000000080000000, 0x0000000100000000)
  region size 1024K, 6 young (6144K), 6 survivors (6144K)
 Metaspace       used 96225K, capacity 98574K, committed 98796K, reserved 1134592K
  class space    used 12057K, capacity 12907K, committed 12928K, reserved 1048576K
}
Event: 47.133 GC heap before
{Heap before GC invocations=59 (full 0):
 garbage-first heap   total 359424K, used 228244K [0x0000000080000000, 0x0000000100000000)
  region size 1024K, 52 young (53248K), 6 survivors (6144K)
 Metaspace       used 97765K, capacity 100155K, committed 100204K, reserved 1136640K
  class space    used 12181K, capacity 13046K, committed 13056K, reserved 1048576K
}
Event: 47.151 GC heap after
{Heap after GC invocations=60 (full 0):
 garbage-first heap   total 359424K, used 184245K [0x0000000080000000, 0x0000000100000000)
  region size 1024K, 4 young (4096K), 4 survivors (4096K)
 Metaspace       used 97765K, capacity 100155K, committed 100204K, reserved 1136640K
  class space    used 12181K, capacity 13046K, committed 13056K, reserved 1048576K
}
Event: 47.474 GC heap before
{Heap before GC invocations=60 (full 0):
 garbage-first heap   total 359424K, used 197557K [0x0000000080000000, 0x0000000100000000)
  region size 1024K, 17 young (17408K), 4 survivors (4096K)
 Metaspace       used 97995K, capacity 100412K, committed 100588K, reserved 1136640K
  class space    used 12196K, capacity 13086K, committed 13184K, reserved 1048576K
}
Event: 47.488 GC heap after
{Heap after GC invocations=61 (full 0):
 garbage-first heap   total 359424K, used 166675K [0x0000000080000000, 0x0000000100000000)
  region size 1024K, 1 young (1024K), 1 survivors (1024K)
 Metaspace       used 97995K, capacity 100412K, committed 100588K, reserved 1136640K
  class space    used 12196K, capacity 13086K, committed 13184K, reserved 1048576K
}
Event: 49.175 GC heap before
{Heap before GC invocations=61 (full 0):
 garbage-first heap   total 359424K, used 241427K [0x0000000080000000, 0x0000000100000000)
  region size 1024K, 74 young (75776K), 1 survivors (1024K)
 Metaspace       used 98586K, capacity 101037K, committed 101356K, reserved 1138688K
  class space    used 12222K, capacity 13098K, committed 13184K, reserved 1048576K
}
Event: 49.187 GC heap after
{Heap after GC invocations=62 (full 0):
 garbage-first heap   total 359424K, used 169264K [0x0000000080000000, 0x0000000100000000)
  region size 1024K, 4 young (4096K), 4 survivors (4096K)
 Metaspace       used 98586K, capacity 101037K, committed 101356K, reserved 1138688K
  class space    used 12222K, capacity 13098K, committed 13184K, reserved 1048576K
}
Event: 50.844 GC heap before
{Heap before GC invocations=63 (full 0):
 garbage-first heap   total 359424K, used 223536K [0x0000000080000000, 0x0000000100000000)
  region size 1024K, 85 young (87040K), 4 survivors (4096K)
 Metaspace       used 98816K, capacity 101234K, committed 101356K, reserved 1138688K
  class space    used 12237K, capacity 13142K, committed 13184K, reserved 1048576K
}
Event: 50.872 GC heap after
{Heap after GC invocations=64 (full 0):
 garbage-first heap   total 359424K, used 143060K [0x0000000080000000, 0x0000000100000000)
  region size 1024K, 6 young (6144K), 6 survivors (6144K)
 Metaspace       used 98816K, capacity 101234K, committed 101356K, reserved 1138688K
  class space    used 12237K, capacity 13142K, committed 13184K, reserved 1048576K
}
Event: 53.092 GC heap before
{Heap before GC invocations=64 (full 0):
 garbage-first heap   total 359424K, used 255700K [0x0000000080000000, 0x0000000100000000)
  region size 1024K, 116 young (118784K), 6 survivors (6144K)
 Metaspace       used 98912K, capacity 101436K, committed 101612K, reserved 1138688K
  class space    used 12238K, capacity 13143K, committed 13184K, reserved 1048576K
}
Event: 53.273 GC heap after
{Heap after GC invocations=65 (full 0):
 garbage-first heap   total 359424K, used 145175K [0x0000000080000000, 0x0000000100000000)
  region size 1024K, 8 young (8192K), 8 survivors (8192K)
 Metaspace       used 98912K, capacity 101436K, committed 101612K, reserved 1138688K
  class space    used 12238K, capacity 13143K, committed 13184K, reserved 1048576K
}
Event: 54.767 GC heap before
{Heap before GC invocations=65 (full 0):
 garbage-first heap   total 359424K, used 204567K [0x0000000080000000, 0x0000000100000000)
  region size 1024K, 66 young (67584K), 8 survivors (8192K)
 Metaspace       used 98962K, capacity 101501K, committed 101612K, reserved 1138688K
  class space    used 12238K, capacity 13143K, committed 13184K, reserved 1048576K
}

